*** Life<ConwayCell> 30x30 ***

Generation = 0, Population = 135.
...*..*...*.*..*.....*........
....*....*......*..*..........
*...*...*....**.....*........*
......*....**...............*.
.*.....*.....*....**..........
....*...*........*.....*...*..
.*.*................*...*..*..
.........***.*..........*.*...
...........*..*.......*....*..
.*......*..*.............*....
*.*...*....*..**.*..*.........
..............*........*.....*
..*.*......*.*..*.............
........*.....*...*......*....
*..*.........*......*.........
.....*........*..*....*.......
*.*..*..*..........*..........
.......*..........*...........
..*........*.........*...*..*.
............*..............**.
......*............*.....*....
*.........*............***...*
.**....*.*.......*...........*
*..*................*........*
.....*......*...*......*......
.......*..................*...
.*.....*..*....*.*..........*.
........*...**.....*..........
.......*.*................*...
...*...........*.......*.*....

Generation = 5, Population = 76.
...***.......*.*..............
...*..**........*.............
...**..*...*...*..............
.....***..*..............*....
...........*.*....**.....*....
............*.....**....***...
..............................
.............*................
.........*.....*..............
..........*....*..............
..........*...**..............
..............................
..............................
..............................
..............................
..............................
..............................
..............................
..........................*.*.
........................*****.
**.....................******.
*.*...................*.......
*.*....................****.*.
.*......................***...
..........................*...
..............................
........**....................
.......*..*...................
.......*..*...................
........**....................

Generation = 10, Population = 78.
...**.........................
..*..*****....***.............
..*.....*.**..................
........*.*.*.................
...**...*.*..*....**....***...
......*....**.....**....*.*...
........................***...
..............................
..............................
...............*..............
................**............
...............**.............
..............................
..............................
..............................
..............................
..............................
..............................
..............................
...........................***
**....................**...*.*
*.*..................*..***..*
*.*...................********
.*............................
..............................
..............................
........**....................
.......*..*...................
.......*..*...................
........**....................

Generation = 15, Population = 74.
...............*..............
..........*....*..............
..........**...*........***...
......***..*..................
......***...*.....**..*.....*.
........**..*.....**..*.....*.
.........*..*.........*.....*.
..........*...................
........................***...
..............................
.................*............
..................*...........
................***...........
..............................
..............................
..............................
..............................
...........................*..
.........................*..*.
.........................*...*
**...................**..*...*
*.*.................*..*.....*
*.*..................**.......
.*........................**..
............................*.
...........................*..
........**....................
.......*..*...................
.......*..*...................
........**....................

*** Life<ConwayCell> 15x15 ***

Generation = 0, Population = 48.
.*....***......
.....*.........
.*.........*.*.
....****......*
......*.*....**
.........*....*
.*............*
**.*...........
......*....*.*.
.*.........*...
.**.**.*...**.*
........*.....*
*..*...*.*...*.
....**...*.....
......*........

Generation = 5, Population = 28.
...............
...............
...............
...............
.............**
.**..........**
.*.*...........
............*..
..........***..
.........***.*.
.........****..
.......*.*.**..
.......*...*...
.....*.*.......
...............

Generation = 10, Population = 13.
...............
...............
...............
...............
...............
.**........***.
.**.......*....
..........*..*.
..........*.*..
...........*...
...............
...............
...............
...............
...............

Generation = 15, Population = 17.
...............
...............
...............
...............
.............*.
.**...........*
.**......*.**.*
........*.*.**.
........*......
.........**....
...............
...............
...............
...............
...............
