*** Life<FredkinCell> 30x30 ***

Generation = 0, Population = 137.
---0------0-0--0-0---0--------
----0-----------0--0--0-------
0---0--------0------0--------0
------0----00---------------0-
-0-----0-----0----00----0-----
--------0--------0-----0---0--
---0----------------0---00-0--
---------0--------------0-0---
--------------0-------0----0--
-0-0-------0-------------0----
--0---0-0-----00-0--0---------
-------0------0--------0-----0
----0------0-0--0-------------
--------0-----0---0------0----
---0---------------00---------
-----0--------0--0----0-------
0-0--0--0----------00---------
-------0----------0-----------
--0--------0---0-----0---0--0-
---------0--0--------------00-
------0------------0-----0----
0---------0--0---------000---0
-00----0-0-------0-----------0
0--0----------------0-------00
-----0------0---0------0------
-------0------------------0---
-0-----0--0-0--0-0----------0-
-0---0--0---00-----0----------
-------0-0--------------0-0---
--00-----------0-------0-0----

Generation = 5, Population = 462.
-3011----00-0240-2-0-1-011-00-
--00-00--00-2----14-1--01-1100
3-2-30---1--30011-0--2-----10-
0-1000022-2---1--1-----1-0-220
12-01-00--14---0---14-0201----
-10--00001--3---1---03-11--3-3
-0-0-0-310--033-1202---31---23
000-0211-----2---10-20243-1---
0212-0-1101--0---0-2-0-210--0-
-1--0--0--0-0-32-12-01-21124-3
-0-0---0-0---21-----02-0--0100
0-0-01-01---0-5---1-0-2-2111--
---2-1-1-1011-11-2230--00---00
0-021-----11---00--0-----100--
---0102-40010-1--403321-----10
-2--0--1-----2-210-1-1--102-21
-110-1-1----210-0---30-213-01-
-001--00--21010--2--1-3210----
2--110-01-020----101-2001320--
---10-001-01-43--10---2-----00
10000-0231----03-0-----1030--4
-040--2---0--0-----23-1-03211-
-1311----1----0--2--00-------0
---012-222--0-002-1------3----
-20-0-24--0--0--20---000-3-121
-22--0----12010-00-01-----00-3
-1110---12-0--40----0--01--0-2
--4-2--020--11201-0-2-010--01-
-1------------021---101-103010
12322110--0-3-0-0-0-0--000-10-

Generation = 10, Population = 445.
24----31-0-115---4-112--43001-
-1---121--00--112----20-243113
5-2-31---31-4-54---5-33331045-
--23--3--23-3232--0----402-2--
1301-2--1-3-2-0-2----61---4---
-4-1012---1--24-2124--3---1---
-110--0------------5------3-4-
0----4--2--12--0240------31322
03---5---1--0--3122-3--421---2
-102--0--4---2-5---1-3-434551-
112--0-------54-2-4--4-322-1-3
----220-2--------03304-0-24--2
-------4121--1-----60-2304-11-
01-31---212--3-1--1--14-14-2-2
--4--0---0--1--0-----43--4--12
2-1-2223--2-13----1-4-221-7-7-
0--1--4-0-33--132--4-1-51-22--
0---1131------------3-4---111-
3-06--32-42-0-1----2---12-331-
-212--1--00-2--1-4-1-042--222-
4-2----5521--2-52-10210--501-5
-355-07-0--1003-1-244215-53423
------511---403-3202--1-23-1-1
13-------2---2----222---4-0-30
---2335--2-143-2--2202---4-221
334-2---50-4----11---10--13-0-
1---0---2-2--2732-4-050---0-13
23-25-2-4-0-43-1-2--4-13-2-1-1
-6---3-11--3422-420431---3312-
343--11----04--51-00-1-23-14-3

Generation = 15, Population = 439.
--4-41--1-1--6-514-42--67--3--
0--2-4711---7--3-3--131-56-1-6
74-28-2814-3---7313-2--4-1-45-
--4-22-4445------10--2-------2
4-5--343--6---144--5-----2-4-4
-41----1--64---45--517-43-2---
32---42-313316----6-----46-2--
310--72---33-2-047---33-446354
246-2+-4-23-12-6-53-434-5-312-
06-433---5-----6-46--616------
--5-1-1----40-95---3--2----32-
-3-3-33334-720711--85---2-6---
-31-2---43-23-3-35461-2-------
133-4-53-12---04---0---1---43-
-0-1---4736-40--27-3--62-9-213
-73-3----335-5-54---4-4-23--+5
-7---151-13621-------4--3843--
02--236----2-----41----24-32-5
64-7---226-41----723-6---44---
23-26-----3----4-5--3-5--2-352
--4-4-2-8---3-6-2----2-62--3-+
28--33-30-1610-03-5------86555
----226--42-6---33-------62-1-
354---3----1---3-33-2--5---443
--25--67--115--43-35-312--472-
--71212-5-1615--16--321-4-5---
---------45--39--26-26---131--
-4-5-1-240-445-43-2-75-4----64
2710--44-444-4-95----1-2--5--4
-56---263-014---16-0-4--4--5-3

*** Life<FredkinCell> 15x15 ***

Generation = 0, Population = 46.
------0--------
---0000--0-----
--------0-----0
0-----------0--
---------0-----
----0----0---00
-0-0-------0---
-0--------0000-
0---0--0---0--0
0-00----0------
000--------0---
---0---------0-
--0-0-0------0-
---------------
0--0------0--0-

Generation = 5, Population = 102.
0-2---3--1-0-01
312--0--111--01
------1---1--0-
--30---------2-
---12-21--02---
-13-2-3-01-----
421--30-2---00-
3321--22---11-0
---1--2-1------
2-1231310200--1
1-2---1300---2-
2-11-00-1-1-2-0
0--22-113-01-3-
202---0010-----
------1-0---20-

Generation = 10, Population = 106.
-0--2--21--1--1
3-335-20421-0-1
1-3------24541-
0-5201---1--2-3
-1---1-----303-
-2-4303-3----53
--41-6--3-12-32
---3--3-1--6---
4-----3--05-62-
----443-3--3--4
--54--4-03-----
2---11---2-7--1
12225----2--0--
50--2--2-301-33
3-0--042-01372-

Generation = 15, Population = 124.
2--27133--13---
-566---354245--
-3---2----9544-
33-53-413--6495
2--2525-52--333
1-5-5--2-65--7-
4--43---4-24-4-
34-6-2---2-9-20
-0-31-4---73--1
-1--77-4--1-0-4
308--65-1534--1
5635--412-6+-22
-522+----2---6-
--447125---426-
---22--34046--3
